{
  "stats": {
    "suites": 19,
    "tests": 49,
    "passes": 46,
    "pending": 0,
    "failures": 3,
    "start": "2022-11-23T21:32:50.370Z",
    "end": "2022-11-23T21:35:36.842Z",
    "duration": 105817,
    "testsRegistered": 49,
    "passPercent": 93.87755102040816,
    "pendingPercent": 0,
    "other": 0,
    "hasOther": false,
    "skipped": 0,
    "hasSkipped": false
  },
  "results": [
    {
      "uuid": "9e98314d-6bc3-4d3b-ac02-c5e6214c8955",
      "title": "",
      "fullFile": "cypress\\e2e\\automation-testing-store\\alias-invoke.js",
      "file": "cypress\\e2e\\automation-testing-store\\alias-invoke.js",
      "beforeHooks": [],
      "afterHooks": [],
      "tests": [],
      "suites": [
        {
          "uuid": "d594eeaf-11b5-4921-8d84-312e64a16678",
          "title": "Alias and Invoke",
          "fullFile": "",
          "file": "",
          "beforeHooks": [],
          "afterHooks": [],
          "tests": [
            {
              "title": "Validate a specific hair care product",
              "fullTitle": "Alias and Invoke Validate a specific hair care product",
              "timedOut": null,
              "duration": 3502,
              "state": "passed",
              "speed": "fast",
              "pass": true,
              "fail": false,
              "pending": false,
              "context": null,
              "code": "cy.visit(\"https://automationteststore.com\");\ncy.get(\"a[href*='product/category&path=']\").contains('Hair Care').click();\ncy.get(\".fixed_wrapper .prdocutname\").eq(0).invoke('text').as('productThumbnail');\ncy.get('@productThumbnail').its('length').should('be.gt', 5);\ncy.get('@productThumbnail').should('include', 'Seaweed Conditioner');",
              "err": {},
              "uuid": "d0236b23-92bb-4f79-9fe2-89ec2cba17ee",
              "parentUUID": "d594eeaf-11b5-4921-8d84-312e64a16678",
              "isHook": false,
              "skipped": false
            },
            {
              "title": "Validate the products number and the text for 'Add to cart'",
              "fullTitle": "Alias and Invoke Validate the products number and the text for 'Add to cart'",
              "timedOut": null,
              "duration": 1068,
              "state": "passed",
              "speed": "fast",
              "pass": true,
              "fail": false,
              "pending": false,
              "context": null,
              "code": "cy.visit(\"https://automationteststore.com\");\ncy.get(\".thumbnail\").as('productuThumbnail');\ncy.get(\"@productuThumbnail\").should('have.length', 16);\ncy.get(\"@productuThumbnail\").find('.productcart').invoke('attr', 'title').should('include', 'Add to Cart');",
              "err": {},
              "uuid": "afe78648-c0e5-43e9-9a03-ecabd7de5baf",
              "parentUUID": "d594eeaf-11b5-4921-8d84-312e64a16678",
              "isHook": false,
              "skipped": false
            },
            {
              "title": "Calculate the total of normal and sale products",
              "fullTitle": "Alias and Invoke Calculate the total of normal and sale products",
              "timedOut": null,
              "duration": 1446,
              "state": "failed",
              "speed": null,
              "pass": false,
              "fail": true,
              "pending": false,
              "context": null,
              "code": "cy.visit(\"https://automationteststore.com\");\ncy.get(\".thumbnail\").as('productuThumbnail');\ncy.get('@productuThumbnail').find('.oneprice').each(($el, index, $list) => {\n  cy.log($el.text());\n});\ncy.get('.thumbnail').find('.oneprice').invoke('text').as('itemPrice');\ncy.get('.thumbnail').find('.pricenew').invoke('text').as('saleItemPrice');\nvar itemsTotal = 0;\ncy.get('@itemPrice').then($linkText => {\n  var itemsPriceTotal = 0;\n  var itemPrice = $linkText.split('$');\n  var i;\n  for (i = 0; i < itemPrice.length; i++) {\n    cy.log(itemPrice[i]);\n    itemsPriceTotal += Number(itemPrice[i]);\n  }\n  itemsTotal += itemsPriceTotal;\n  cy.log(\"No sale items total: \" + itemsPriceTotal);\n});\ncy.get('@saleItemPrice').then($linkText => {\n  var saleItemsPrice = 0;\n  var saleItemPrice = $linkText.split('$');\n  var i;\n  for (i = 0; i < saleItemPrice.length; i++) {\n    cy.log(saleItemPrice[i]);\n    saleItemsPrice += Number(saleItemPrice[i]);\n  }\n  itemsTotal += saleItemsPrice;\n  cy.log(\"Sale price items total: \" + saleItemsPrice);\n}).then(() => {\n  cy.log('The total price of our products: ' + itemsTotal);\n  expect(itemsTotal).to.eq(685.6);\n});",
              "err": {
                "message": "AssertionError: expected 625.6 to equal 685.6",
                "estack": "AssertionError: expected 625.6 to equal 685.6\n    at Context.eval (webpack:///./cypress/e2e/automation-testing-store/alias-invoke.js:57:34)",
                "diff": "- 625.6\n+ 685.6\n"
              },
              "uuid": "9b1eeadd-5ea9-4aa5-bbeb-b0f1db7f0925",
              "parentUUID": "d594eeaf-11b5-4921-8d84-312e64a16678",
              "isHook": false,
              "skipped": false
            }
          ],
          "suites": [],
          "passes": [
            "d0236b23-92bb-4f79-9fe2-89ec2cba17ee",
            "afe78648-c0e5-43e9-9a03-ecabd7de5baf"
          ],
          "failures": [
            "9b1eeadd-5ea9-4aa5-bbeb-b0f1db7f0925"
          ],
          "pending": [],
          "skipped": [],
          "duration": 6016,
          "root": false,
          "rootEmpty": false,
          "_timeout": 2000
        }
      ],
      "passes": [],
      "failures": [],
      "pending": [],
      "skipped": [],
      "duration": 0,
      "root": true,
      "rootEmpty": true,
      "_timeout": 2000
    },
    {
      "uuid": "eb9e4d07-08bc-4bfe-bcab-6cbb75178cfb",
      "title": "",
      "fullFile": "cypress\\e2e\\automation-testing-store\\contact-us.js",
      "file": "cypress\\e2e\\automation-testing-store\\contact-us.js",
      "beforeHooks": [],
      "afterHooks": [],
      "tests": [],
      "suites": [
        {
          "uuid": "d5ae931f-44a5-46f9-9ec8-4a2b5e12ed70",
          "title": "Test Suite Contact Us form via Automation Test Store",
          "fullFile": "",
          "file": "",
          "beforeHooks": [],
          "afterHooks": [],
          "tests": [
            {
              "title": "Should be able to submit a successfull submission via contact us form",
              "fullTitle": "Test Suite Contact Us form via Automation Test Store Should be able to submit a successfull submission via contact us form",
              "timedOut": null,
              "duration": 5550,
              "state": "passed",
              "speed": "medium",
              "pass": true,
              "fail": false,
              "pending": false,
              "context": null,
              "code": "cy.visit(\"https://automationteststore.com\");\ncy.get(\"a[href$='contact']\").click().then(function (footerContactUs) {\n  cy.log('Clicked on the following link: ' + footerContactUs.text());\n});\ncy.get('@user').then(user => {\n  cy.get('#ContactUsFrm_first_name').type(user.first_name);\n  cy.get('#ContactUsFrm_email').type(user.email);\n});\ncy.get('#ContactUsFrm_email').should('have.attr', 'name', 'email');\ncy.get('#ContactUsFrm_enquiry').type(\"This is just a test.\");\ncy.get(\"button[title='Submit']\").click();\ncy.get('.mb40 > :nth-child(3)').should('have.text', 'Your enquiry has been successfully sent to the store owner!');",
              "err": {},
              "uuid": "03a95d31-b478-4eca-8e01-b92f574886e0",
              "parentUUID": "d5ae931f-44a5-46f9-9ec8-4a2b5e12ed70",
              "isHook": false,
              "skipped": false
            }
          ],
          "suites": [],
          "passes": [
            "03a95d31-b478-4eca-8e01-b92f574886e0"
          ],
          "failures": [],
          "pending": [],
          "skipped": [],
          "duration": 5550,
          "root": false,
          "rootEmpty": false,
          "_timeout": 2000
        }
      ],
      "passes": [],
      "failures": [],
      "pending": [],
      "skipped": [],
      "duration": 0,
      "root": true,
      "rootEmpty": true,
      "_timeout": 2000
    },
    {
      "uuid": "5a98944e-7347-407c-a453-b85abd915329",
      "title": "",
      "fullFile": "cypress\\e2e\\automation-testing-store\\inspect-item.js",
      "file": "cypress\\e2e\\automation-testing-store\\inspect-item.js",
      "beforeHooks": [],
      "afterHooks": [],
      "tests": [],
      "suites": [
        {
          "uuid": "3d142dcb-1773-4fc3-a5c4-a81db95cb627",
          "title": "Inspecting Automation Test Store items",
          "fullFile": "",
          "file": "",
          "beforeHooks": [],
          "afterHooks": [],
          "tests": [
            {
              "title": "Click on the first item using item header",
              "fullTitle": "Inspecting Automation Test Store items Click on the first item using item header",
              "timedOut": null,
              "duration": 5096,
              "state": "passed",
              "speed": "medium",
              "pass": true,
              "fail": false,
              "pending": false,
              "context": null,
              "code": "cy.visit(\"https://automationteststore.com\");\ncy.get('#block_frame_featured_1769 > .thumbnails > :nth-child(1) > .fixed_wrapper > .fixed > .prdocutname').click();",
              "err": {},
              "uuid": "bab5869c-eb44-48f5-b763-9a3f53df4fa2",
              "parentUUID": "3d142dcb-1773-4fc3-a5c4-a81db95cb627",
              "isHook": false,
              "skipped": false
            },
            {
              "title": "Click on the first item using item text",
              "fullTitle": "Inspecting Automation Test Store items Click on the first item using item text",
              "timedOut": null,
              "duration": 2937,
              "state": "passed",
              "speed": "fast",
              "pass": true,
              "fail": false,
              "pending": false,
              "context": null,
              "code": "cy.visit(\"https://automationteststore.com\"); //cy.get('.prdocutname').contains('Skinsheen Bronzer Stick').click()\ncy.get('.prdocutname').contains('Skinsheen Bronzer Stick').click().then(function (itemHeaderText) {\n  console.log('Selected the following item: ' + itemHeaderText.text());\n});",
              "err": {},
              "uuid": "728f8df9-e7ec-4545-9920-9836f3949bcf",
              "parentUUID": "3d142dcb-1773-4fc3-a5c4-a81db95cb627",
              "isHook": false,
              "skipped": false
            },
            {
              "title": "Click on the first item using index",
              "fullTitle": "Inspecting Automation Test Store items Click on the first item using index",
              "timedOut": null,
              "duration": 3088,
              "state": "passed",
              "speed": "fast",
              "pass": true,
              "fail": false,
              "pending": false,
              "context": null,
              "code": "cy.visit(\"https://automationteststore.com\");\ncy.get('.fixed_wrapper').find('.prdocutname').eq(0).click();",
              "err": {},
              "uuid": "254fd0cf-406d-4693-a2ab-cefeb2520174",
              "parentUUID": "3d142dcb-1773-4fc3-a5c4-a81db95cb627",
              "isHook": false,
              "skipped": false
            }
          ],
          "suites": [],
          "passes": [
            "bab5869c-eb44-48f5-b763-9a3f53df4fa2",
            "728f8df9-e7ec-4545-9920-9836f3949bcf",
            "254fd0cf-406d-4693-a2ab-cefeb2520174"
          ],
          "failures": [],
          "pending": [],
          "skipped": [],
          "duration": 11121,
          "root": false,
          "rootEmpty": false,
          "_timeout": 2000
        }
      ],
      "passes": [],
      "failures": [],
      "pending": [],
      "skipped": [],
      "duration": 0,
      "root": true,
      "rootEmpty": true,
      "_timeout": 2000
    },
    {
      "uuid": "71192bb1-80bb-4217-8c11-05a3463d022d",
      "title": "",
      "fullFile": "cypress\\e2e\\automation-testing-store\\iterate-over-elements.js",
      "file": "cypress\\e2e\\automation-testing-store\\iterate-over-elements.js",
      "beforeHooks": [],
      "afterHooks": [],
      "tests": [],
      "suites": [
        {
          "uuid": "02f13f01-eccf-49b1-aaf8-7d9ce184b2d9",
          "title": "Iterate over elements",
          "fullFile": "",
          "file": "",
          "beforeHooks": [],
          "afterHooks": [],
          "tests": [
            {
              "title": "Log information of all hair care products",
              "fullTitle": "Iterate over elements Log information of all hair care products",
              "timedOut": null,
              "duration": 5736,
              "state": "passed",
              "speed": "medium",
              "pass": true,
              "fail": false,
              "pending": false,
              "context": null,
              "code": "cy.get(\".fixed_wrapper, productname\").each(($el, index, $list) => {\n  cy.log(\"Index\" + index + \" : \" + $el.text());\n});",
              "err": {},
              "uuid": "7d0f34f9-f6bf-43fd-b990-b95e5c109644",
              "parentUUID": "02f13f01-eccf-49b1-aaf8-7d9ce184b2d9",
              "isHook": false,
              "skipped": false
            },
            {
              "title": "Add specific product to basket",
              "fullTitle": "Iterate over elements Add specific product to basket",
              "timedOut": null,
              "duration": 1727,
              "state": "passed",
              "speed": "fast",
              "pass": true,
              "fail": false,
              "pending": false,
              "context": null,
              "code": "cy.selectProduct('Curls to straight Shampoo');",
              "err": {},
              "uuid": "dfb02564-485b-45b5-bfb6-b59909bce8ee",
              "parentUUID": "02f13f01-eccf-49b1-aaf8-7d9ce184b2d9",
              "isHook": false,
              "skipped": false
            },
            {
              "title": "Add another specific product to basket",
              "fullTitle": "Iterate over elements Add another specific product to basket",
              "timedOut": null,
              "duration": 2573,
              "state": "passed",
              "speed": "fast",
              "pass": true,
              "fail": false,
              "pending": false,
              "context": null,
              "code": "cy.selectProduct('Seaweed Conditioner');",
              "err": {},
              "uuid": "7263516a-547e-4735-8f04-46f298aef3c8",
              "parentUUID": "02f13f01-eccf-49b1-aaf8-7d9ce184b2d9",
              "isHook": false,
              "skipped": false
            },
            {
              "title": "Add a third product to the basket",
              "fullTitle": "Iterate over elements Add a third product to the basket",
              "timedOut": null,
              "duration": 1223,
              "state": "passed",
              "speed": "fast",
              "pass": true,
              "fail": false,
              "pending": false,
              "context": null,
              "code": "cy.selectProduct('Eau Parfumee au The Vert Shampoo');",
              "err": {},
              "uuid": "a81b9476-20d4-4637-989d-e39d10c62e02",
              "parentUUID": "02f13f01-eccf-49b1-aaf8-7d9ce184b2d9",
              "isHook": false,
              "skipped": false
            }
          ],
          "suites": [],
          "passes": [
            "7d0f34f9-f6bf-43fd-b990-b95e5c109644",
            "dfb02564-485b-45b5-bfb6-b59909bce8ee",
            "7263516a-547e-4735-8f04-46f298aef3c8",
            "a81b9476-20d4-4637-989d-e39d10c62e02"
          ],
          "failures": [],
          "pending": [],
          "skipped": [],
          "duration": 11259,
          "root": false,
          "rootEmpty": false,
          "_timeout": 2000
        }
      ],
      "passes": [],
      "failures": [],
      "pending": [],
      "skipped": [],
      "duration": 0,
      "root": true,
      "rootEmpty": true,
      "_timeout": 2000
    },
    {
      "uuid": "fd6275be-4cc0-43e4-a96e-fadaa7ca1860",
      "title": "",
      "fullFile": "cypress\\e2e\\automation-testing-store\\variables-and-cy-commands.js",
      "file": "cypress\\e2e\\automation-testing-store\\variables-and-cy-commands.js",
      "beforeHooks": [],
      "afterHooks": [],
      "tests": [],
      "suites": [
        {
          "uuid": "00183396-e727-4080-a518-f1a59a04e038",
          "title": "Veryfing variables, Cypress commands and Jquery commands",
          "fullFile": "",
          "file": "",
          "beforeHooks": [],
          "afterHooks": [],
          "tests": [
            {
              "title": "Validate properties of Contact Us page",
              "fullTitle": "Veryfing variables, Cypress commands and Jquery commands Validate properties of Contact Us page",
              "timedOut": null,
              "duration": 1721,
              "state": "passed",
              "speed": "fast",
              "pass": true,
              "fail": false,
              "pending": false,
              "context": null,
              "code": "cy.visit(\"https://automationteststore.com/index.php?rt=content/contact\"); //Uses Cypress chaining commands\ncy.contains(\"#ContactUsFrm\", \"Contact Us Form\").find(\"#field_11\").should('contain', 'First name'); //Jquery Approach\ncy.contains(\"#ContactUsFrm\", \"Contact Us Form\").then(text => {\n  const firstNameText = text.find(\"#field_11\").text();\n  expect(firstNameText).to.contain(\"First name\");\n}); //Embedded commands (closure)\ncy.get(\"#field_11\").then(fnText => {\n  cy.log(fnText.text());\n  cy.log(fnText);\n});",
              "err": {},
              "uuid": "59515914-f889-42b5-b6b1-624a60013bc6",
              "parentUUID": "00183396-e727-4080-a518-f1a59a04e038",
              "isHook": false,
              "skipped": false
            }
          ],
          "suites": [],
          "passes": [
            "59515914-f889-42b5-b6b1-624a60013bc6"
          ],
          "failures": [],
          "pending": [],
          "skipped": [],
          "duration": 1721,
          "root": false,
          "rootEmpty": false,
          "_timeout": 2000
        }
      ],
      "passes": [],
      "failures": [],
      "pending": [],
      "skipped": [],
      "duration": 0,
      "root": true,
      "rootEmpty": true,
      "_timeout": 2000
    },
    {
      "uuid": "d01c1f80-5b15-43f7-8630-59132edb61d7",
      "title": "",
      "fullFile": "cypress\\e2e\\webdriver-uni\\autocomplete-drop-down-list.js",
      "file": "cypress\\e2e\\webdriver-uni\\autocomplete-drop-down-list.js",
      "beforeHooks": [],
      "afterHooks": [],
      "tests": [],
      "suites": [
        {
          "uuid": "c63e3c16-92f9-4304-83ca-a9bbb03f8fa9",
          "title": "Verify autocomplete drop-down-list via webdriveruni",
          "fullFile": "",
          "file": "",
          "beforeHooks": [],
          "afterHooks": [],
          "tests": [
            {
              "title": "Select specific product via autocomplete list",
              "fullTitle": "Verify autocomplete drop-down-list via webdriveruni Select specific product via autocomplete list",
              "timedOut": null,
              "duration": 12388,
              "state": "failed",
              "speed": null,
              "pass": false,
              "fail": true,
              "pending": false,
              "context": null,
              "code": "cy.visit(\"https://webdriveruniversity.com\");\ncy.get(\"#autocomplete-textfield\").invoke('removeAttr', 'target').click({\n  force: true\n});\ncy.get('#myInput').type('A');\ncy.get('#myInputautocomplete-list > *').each(($el, index, $list) => {\n  const prod = $el.text();\n  const productToSelect = 'Avocado';\n  if (prod === productToSelect) {\n    $el.trigger(\"click\");\n    cy.get('#submit-button').click();\n    cy.url().should('include', productToSelect);\n  }\n}).then(() => {\n  cy.get('#myInput').type('g');\n  cy.get('#myInputautocomplete-list > *').each(($el, index, $list) => {\n    const prod = $el.text();\n    const productToSelect = 'Grapes';\n    if (prod === productToSelect) {\n      $el.trigger(\"click\");\n      cy.get('#submit-button').click();\n      cy.url().should('include', productToSelect);\n    }\n  });\n});",
              "err": {
                "message": "AssertionError: Timed out retrying after 10000ms: Expected to find element: `#myInputautocomplete-list > *`, but never found it.",
                "estack": "AssertionError: Timed out retrying after 10000ms: Expected to find element: `#myInputautocomplete-list > *`, but never found it.\n    at Context.eval (webpack:///./cypress/e2e/webdriver-uni/autocomplete-drop-down-list.js:24:15)",
                "diff": null
              },
              "uuid": "f3fcfc66-bf89-49a0-88bd-3cef2ce651e6",
              "parentUUID": "c63e3c16-92f9-4304-83ca-a9bbb03f8fa9",
              "isHook": false,
              "skipped": false
            }
          ],
          "suites": [],
          "passes": [],
          "failures": [
            "f3fcfc66-bf89-49a0-88bd-3cef2ce651e6"
          ],
          "pending": [],
          "skipped": [],
          "duration": 12388,
          "root": false,
          "rootEmpty": false,
          "_timeout": 2000
        }
      ],
      "passes": [],
      "failures": [],
      "pending": [],
      "skipped": [],
      "duration": 0,
      "root": true,
      "rootEmpty": true,
      "_timeout": 2000
    },
    {
      "uuid": "0fc9ee6e-059d-4115-93ac-6a0c60de36fe",
      "title": "",
      "fullFile": "cypress\\e2e\\webdriver-uni\\browser-navigation.js",
      "file": "cypress\\e2e\\webdriver-uni\\browser-navigation.js",
      "beforeHooks": [],
      "afterHooks": [],
      "tests": [],
      "suites": [
        {
          "uuid": "4887b021-1a91-46f8-a78f-85b93519b9d6",
          "title": "Validate webdriveruni home page links",
          "fullFile": "",
          "file": "",
          "beforeHooks": [],
          "afterHooks": [],
          "tests": [
            {
              "title": "Confirm links redirect to the correct pages",
              "fullTitle": "Validate webdriveruni home page links Confirm links redirect to the correct pages",
              "timedOut": null,
              "duration": 4801,
              "state": "passed",
              "speed": "fast",
              "pass": true,
              "fail": false,
              "pending": false,
              "context": null,
              "code": "//cy.visit(\"https://webdriveruniversity.com/Contact-Us/contactus.html\")\ncy.visit(\"https://webdriveruniversity.com\");\ncy.get(\"#contact-us\").invoke('removeAttr', 'target').click({\n  force: true\n});\ncy.url().should(\"include\", \"contactus\");\ncy.go(\"back\");\ncy.url().should(\"include\", \"https://webdriveruniversity.com\");\ncy.reload(); //cy.reload(true) // reload the page without using cache\ncy.go(\"forward\");\ncy.url().should(\"include\", \"contactus\"); // validate if the user landed on the \"/contacus\" page\ncy.go(\"back\");\ncy.get('#login-portal').invoke('removeAttr', 'target').click({\n  force: true\n});\ncy.url().should('include', 'Login-Portal');\ncy.go(\"back\");\ncy.get('#to-do-list').invoke('removeAttr', 'target').click({\n  force: true\n});\ncy.url().should('include', 'To-Do-List');\ncy.go(\"back\");",
              "err": {},
              "uuid": "1925734e-460e-4145-89f5-2f92e9d7332f",
              "parentUUID": "4887b021-1a91-46f8-a78f-85b93519b9d6",
              "isHook": false,
              "skipped": false
            }
          ],
          "suites": [],
          "passes": [
            "1925734e-460e-4145-89f5-2f92e9d7332f"
          ],
          "failures": [],
          "pending": [],
          "skipped": [],
          "duration": 4801,
          "root": false,
          "rootEmpty": false,
          "_timeout": 2000
        }
      ],
      "passes": [],
      "failures": [],
      "pending": [],
      "skipped": [],
      "duration": 0,
      "root": true,
      "rootEmpty": true,
      "_timeout": 2000
    },
    {
      "uuid": "b76340b6-a270-4b89-9a24-0b76feebaace",
      "title": "",
      "fullFile": "cypress\\e2e\\webdriver-uni\\checkboxes.js",
      "file": "cypress\\e2e\\webdriver-uni\\checkboxes.js",
      "beforeHooks": [],
      "afterHooks": [],
      "tests": [],
      "suites": [
        {
          "uuid": "24f0cd65-c430-425f-9866-f81e214492b7",
          "title": "Verify checkboxes via webdriveruni",
          "fullFile": "",
          "file": "",
          "beforeHooks": [],
          "afterHooks": [],
          "tests": [
            {
              "title": "Check and validate checkbox",
              "fullTitle": "Verify checkboxes via webdriveruni Check and validate checkbox",
              "timedOut": null,
              "duration": 744,
              "state": "passed",
              "speed": "fast",
              "pass": true,
              "fail": false,
              "pending": false,
              "context": null,
              "code": "//cy.get('#checkboxes > :nth-child(1) > input').check()\n// cy.get('#checkboxes > :nth-child(1) > input').check().should('be.checked')\ncy.get('#checkboxes > :nth-child(1) > input').as('option-1'); //cy.get('@option-1').check()  \ncy.get('@option-1').check().should('be.checked');",
              "err": {},
              "uuid": "7d0e2618-67d4-41cc-b9e9-e5d5c3443bc0",
              "parentUUID": "24f0cd65-c430-425f-9866-f81e214492b7",
              "isHook": false,
              "skipped": false
            },
            {
              "title": "Uncheck and validate checkbox",
              "fullTitle": "Verify checkboxes via webdriveruni Uncheck and validate checkbox",
              "timedOut": null,
              "duration": 303,
              "state": "passed",
              "speed": "fast",
              "pass": true,
              "fail": false,
              "pending": false,
              "context": null,
              "code": "cy.get(':nth-child(5) > input').as('option-3'); //cy.get('@option-3').uncheck()\ncy.get('@option-3').uncheck().should('not.be.checked');",
              "err": {},
              "uuid": "fd87fd70-c746-4ad7-be59-c60c520e3d4d",
              "parentUUID": "24f0cd65-c430-425f-9866-f81e214492b7",
              "isHook": false,
              "skipped": false
            },
            {
              "title": "Check multiple checkboxes",
              "fullTitle": "Verify checkboxes via webdriveruni Check multiple checkboxes",
              "timedOut": null,
              "duration": 450,
              "state": "passed",
              "speed": "fast",
              "pass": true,
              "fail": false,
              "pending": false,
              "context": null,
              "code": "cy.get('input[type=\"checkbox\"]').check([\"option-1\", \"option-2\", \"option-3\", \"option-4\"]).should('be.checked');",
              "err": {},
              "uuid": "f47202ff-ba77-440a-ba41-79368fdec715",
              "parentUUID": "24f0cd65-c430-425f-9866-f81e214492b7",
              "isHook": false,
              "skipped": false
            }
          ],
          "suites": [],
          "passes": [
            "7d0e2618-67d4-41cc-b9e9-e5d5c3443bc0",
            "fd87fd70-c746-4ad7-be59-c60c520e3d4d",
            "f47202ff-ba77-440a-ba41-79368fdec715"
          ],
          "failures": [],
          "pending": [],
          "skipped": [],
          "duration": 1497,
          "root": false,
          "rootEmpty": false,
          "_timeout": 2000
        }
      ],
      "passes": [],
      "failures": [],
      "pending": [],
      "skipped": [],
      "duration": 0,
      "root": true,
      "rootEmpty": true,
      "_timeout": 2000
    },
    {
      "uuid": "8abf29c4-bdc3-4533-adb2-66d9154f89d4",
      "title": "",
      "fullFile": "cypress\\e2e\\webdriver-uni\\contact-us.js",
      "file": "cypress\\e2e\\webdriver-uni\\contact-us.js",
      "beforeHooks": [],
      "afterHooks": [],
      "tests": [],
      "suites": [
        {
          "uuid": "3c473551-c064-4f5e-bac9-602dcb8031e5",
          "title": "Test Suite Contact Us form via WebdriverUni",
          "fullFile": "",
          "file": "",
          "beforeHooks": [],
          "afterHooks": [],
          "tests": [
            {
              "title": "Should be able to submit a successfull submission via contact us form",
              "fullTitle": "Test Suite Contact Us form via WebdriverUni Should be able to submit a successfull submission via contact us form",
              "timedOut": null,
              "duration": 7769,
              "state": "passed",
              "speed": "medium",
              "pass": true,
              "fail": false,
              "pending": false,
              "context": null,
              "code": "cy.document().should('have.property', 'charset').and('eq', 'UTF-8');\ncy.title().should('include', 'WebDriver | Contact Us');\ncy.url().should('include', 'contactus');\ncontact_Us_PO.contactForm_Submission(Cypress.env(\"first_name\"), data.last_name, data.email, \"This is a test.\", \"h1\", \"Thank You for your Message!\");",
              "err": {},
              "uuid": "c0e175ec-8c10-45c8-ab52-d940f50bc912",
              "parentUUID": "3c473551-c064-4f5e-bac9-602dcb8031e5",
              "isHook": false,
              "skipped": false
            },
            {
              "title": "Should not be able to submit a successfull submission via contact us form",
              "fullTitle": "Test Suite Contact Us form via WebdriverUni Should not be able to submit a successfull submission via contact us form",
              "timedOut": null,
              "duration": 6071,
              "state": "passed",
              "speed": "medium",
              "pass": true,
              "fail": false,
              "pending": false,
              "context": null,
              "code": "contact_Us_PO.contactForm_Submission(data.first_name, data.last_name, \" \", \"This is a test.\", 'body', 'Error: Invalid email address');",
              "err": {},
              "uuid": "031ab832-7e0e-4a63-a190-299f929631f4",
              "parentUUID": "3c473551-c064-4f5e-bac9-602dcb8031e5",
              "isHook": false,
              "skipped": false
            }
          ],
          "suites": [],
          "passes": [
            "c0e175ec-8c10-45c8-ab52-d940f50bc912",
            "031ab832-7e0e-4a63-a190-299f929631f4"
          ],
          "failures": [],
          "pending": [],
          "skipped": [],
          "duration": 13840,
          "root": false,
          "rootEmpty": false,
          "_timeout": 2000
        }
      ],
      "passes": [],
      "failures": [],
      "pending": [],
      "skipped": [],
      "duration": 0,
      "root": true,
      "rootEmpty": true,
      "_timeout": 2000
    },
    {
      "uuid": "4be7ad01-c929-4076-8ce3-dc203b1ed665",
      "title": "",
      "fullFile": "cypress\\e2e\\webdriver-uni\\data-tables.js",
      "file": "cypress\\e2e\\webdriver-uni\\data-tables.js",
      "beforeHooks": [],
      "afterHooks": [],
      "tests": [],
      "suites": [
        {
          "uuid": "6d401388-115e-4697-929a-d797b2babeae",
          "title": "Handling data via webdriver uni",
          "fullFile": "",
          "file": "",
          "beforeHooks": [],
          "afterHooks": [],
          "tests": [
            {
              "title": "Calculate and assert the total age of a given user based on the last name",
              "fullTitle": "Handling data via webdriver uni Calculate and assert the total age of a given user based on the last name",
              "timedOut": null,
              "duration": 1247,
              "state": "passed",
              "speed": "fast",
              "pass": true,
              "fail": false,
              "pending": false,
              "context": null,
              "code": "cy.get('#thumbnail-1 tr td:nth-child(2)').each(($el, index, $list) => {\n  const text = $el.text();\n  if (text.includes(\"Woods\")) {\n    cy.get('#thumbnail-1 tr td:nth-child(2)').eq(index).next().then(function (age) {\n      const userAge = age.text();\n      expect(userAge).to.eq(\"80\");\n    });\n  }\n});",
              "err": {},
              "uuid": "ca944ca4-5467-46c4-9059-136d46b2da0c",
              "parentUUID": "6d401388-115e-4697-929a-d797b2babeae",
              "isHook": false,
              "skipped": false
            }
          ],
          "suites": [],
          "passes": [
            "ca944ca4-5467-46c4-9059-136d46b2da0c"
          ],
          "failures": [],
          "pending": [],
          "skipped": [],
          "duration": 1247,
          "root": false,
          "rootEmpty": false,
          "_timeout": 2000
        }
      ],
      "passes": [],
      "failures": [],
      "pending": [],
      "skipped": [],
      "duration": 0,
      "root": true,
      "rootEmpty": true,
      "_timeout": 2000
    },
    {
      "uuid": "68424696-6980-4f55-9166-c0978b00062e",
      "title": "",
      "fullFile": "cypress\\e2e\\webdriver-uni\\file-upload.js",
      "file": "cypress\\e2e\\webdriver-uni\\file-upload.js",
      "beforeHooks": [],
      "afterHooks": [],
      "tests": [],
      "suites": [
        {
          "uuid": "420e3d0b-558b-41cf-9036-2c23c72c7270",
          "title": "Test file upload via webdriveruni",
          "fullFile": "",
          "file": "",
          "beforeHooks": [],
          "afterHooks": [],
          "tests": [
            {
              "title": "Upload a file...",
              "fullTitle": "Test file upload via webdriveruni Upload a file...",
              "timedOut": null,
              "duration": 1878,
              "state": "passed",
              "speed": "fast",
              "pass": true,
              "fail": false,
              "pending": false,
              "context": null,
              "code": "cy.visit('/');\ncy.get('#file-upload').invoke('removeAttr', 'target').click({\n  force: true\n});\ncy.get('#myFile').selectFile('cypress/fixtures/artOfTesting.jpg');\ncy.get('#submit-button').click();",
              "err": {},
              "uuid": "9d2a0934-b5f1-4700-b202-2591c489037a",
              "parentUUID": "420e3d0b-558b-41cf-9036-2c23c72c7270",
              "isHook": false,
              "skipped": false
            },
            {
              "title": "Upload no file...",
              "fullTitle": "Test file upload via webdriveruni Upload no file...",
              "timedOut": null,
              "duration": 412,
              "state": "passed",
              "speed": "fast",
              "pass": true,
              "fail": false,
              "pending": false,
              "context": null,
              "code": "cy.visit('/');\ncy.get('#file-upload').invoke('removeAttr', 'target').click({\n  force: true\n});\ncy.get('#submit-button').click();",
              "err": {},
              "uuid": "744f7926-c12b-4814-906d-41094455e681",
              "parentUUID": "420e3d0b-558b-41cf-9036-2c23c72c7270",
              "isHook": false,
              "skipped": false
            }
          ],
          "suites": [],
          "passes": [
            "9d2a0934-b5f1-4700-b202-2591c489037a",
            "744f7926-c12b-4814-906d-41094455e681"
          ],
          "failures": [],
          "pending": [],
          "skipped": [],
          "duration": 2290,
          "root": false,
          "rootEmpty": false,
          "_timeout": 2000
        }
      ],
      "passes": [],
      "failures": [],
      "pending": [],
      "skipped": [],
      "duration": 0,
      "root": true,
      "rootEmpty": true,
      "_timeout": 2000
    },
    {
      "uuid": "bf9ad922-5652-42d0-9af1-b9998e4367a0",
      "title": "",
      "fullFile": "cypress\\e2e\\webdriver-uni\\iframe.js",
      "file": "cypress\\e2e\\webdriver-uni\\iframe.js",
      "beforeHooks": [],
      "afterHooks": [],
      "tests": [],
      "suites": [
        {
          "uuid": "f9dbdd52-5882-4ff0-a39a-3dccfd9a4f84",
          "title": "Handling iframe modules",
          "fullFile": "",
          "file": "",
          "beforeHooks": [],
          "afterHooks": [],
          "tests": [
            {
              "title": "Handle webdriveruni iframe and module",
              "fullTitle": "Handling iframe modules Handle webdriveruni iframe and module",
              "timedOut": null,
              "duration": 2022,
              "state": "passed",
              "speed": "fast",
              "pass": true,
              "fail": false,
              "pending": false,
              "context": null,
              "code": "cy.visit(\"/\");\ncy.get(\"#iframe\").invoke('removeAttr', 'target').click({\n  force: true\n});\ncy.get('#frame').then($iframe => {\n  const body = $iframe.contents().find('body');\n  cy.wrap(body).as('iframe');\n});\ncy.get('@iframe').find('#button-find-out-more').click();\ncy.get('@iframe').find('#myModal').as('modal');\ncy.get('@modal').should($expectedText => {\n  const text = $expectedText.text();\n  expect(text).to.include('Welcome to webdriveruniversity.com');\n});\ncy.get('@modal').contains('Close').click();",
              "err": {},
              "uuid": "6b782725-aaac-4095-8c79-3d24fd2fd791",
              "parentUUID": "f9dbdd52-5882-4ff0-a39a-3dccfd9a4f84",
              "isHook": false,
              "skipped": false
            }
          ],
          "suites": [],
          "passes": [
            "6b782725-aaac-4095-8c79-3d24fd2fd791"
          ],
          "failures": [],
          "pending": [],
          "skipped": [],
          "duration": 2022,
          "root": false,
          "rootEmpty": false,
          "_timeout": 2000
        }
      ],
      "passes": [],
      "failures": [],
      "pending": [],
      "skipped": [],
      "duration": 0,
      "root": true,
      "rootEmpty": true,
      "_timeout": 2000
    },
    {
      "uuid": "bf3630d6-fbae-4daf-9246-3b98e8c6833d",
      "title": "",
      "fullFile": "cypress\\e2e\\webdriver-uni\\js-alerts.js",
      "file": "cypress\\e2e\\webdriver-uni\\js-alerts.js",
      "beforeHooks": [],
      "afterHooks": [],
      "tests": [],
      "suites": [
        {
          "uuid": "93399fdf-2e1e-456d-a3ef-9a26d3e51309",
          "title": "Handle js alerts",
          "fullFile": "",
          "file": "",
          "beforeHooks": [],
          "afterHooks": [],
          "tests": [
            {
              "title": "Confirm js alert contains the correct text",
              "fullTitle": "Handle js alerts Confirm js alert contains the correct text",
              "timedOut": null,
              "duration": 2869,
              "state": "passed",
              "speed": "fast",
              "pass": true,
              "fail": false,
              "pending": false,
              "context": null,
              "code": "cy.visit(\"https://webdriveruniversity.com\");\ncy.get(\"#popup-alerts\").invoke('removeAttr', 'target').click({\n  force: true\n});\ncy.get(\"#button1\").click();\ncy.on('window:alert', string => {\n  expect(string).to.equal('I am an alert box!');\n});",
              "err": {},
              "uuid": "f56e1bf5-9122-4ad4-aa96-1da09e29d0b3",
              "parentUUID": "93399fdf-2e1e-456d-a3ef-9a26d3e51309",
              "isHook": false,
              "skipped": false
            },
            {
              "title": "Validate js confirm alert box works correctly when clicking OK",
              "fullTitle": "Handle js alerts Validate js confirm alert box works correctly when clicking OK",
              "timedOut": null,
              "duration": 406,
              "state": "passed",
              "speed": "fast",
              "pass": true,
              "fail": false,
              "pending": false,
              "context": null,
              "code": "cy.visit(\"https://webdriveruniversity.com\");\ncy.get(\"#popup-alerts\").invoke('removeAttr', 'target').click({\n  force: true\n});\ncy.get(\"#button4\").click();\ncy.on('window:confirm', string => {\n  return true;\n});\ncy.get(\"#confirm-alert-text\").contains(\"You pressed OK!\");",
              "err": {},
              "uuid": "fb71d963-6190-4b86-a38f-8bb9ee2e284c",
              "parentUUID": "93399fdf-2e1e-456d-a3ef-9a26d3e51309",
              "isHook": false,
              "skipped": false
            },
            {
              "title": "Validate js confirm alert box works correctly when clicking cancel",
              "fullTitle": "Handle js alerts Validate js confirm alert box works correctly when clicking cancel",
              "timedOut": null,
              "duration": 378,
              "state": "passed",
              "speed": "fast",
              "pass": true,
              "fail": false,
              "pending": false,
              "context": null,
              "code": "cy.visit(\"https://webdriveruniversity.com\");\ncy.get(\"#popup-alerts\").invoke('removeAttr', 'target').click({\n  force: true\n});\ncy.get(\"#button4\").click();\ncy.on('window:confirm', string => {\n  return false;\n});\ncy.get('#confirm-alert-text').contains(\"You pressed Cancel!\");",
              "err": {},
              "uuid": "4b2c7b0c-6282-49ca-a3bd-8ecef03478ee",
              "parentUUID": "93399fdf-2e1e-456d-a3ef-9a26d3e51309",
              "isHook": false,
              "skipped": false
            },
            {
              "title": "Validate js confirm alert box using a stub",
              "fullTitle": "Handle js alerts Validate js confirm alert box using a stub",
              "timedOut": null,
              "duration": 390,
              "state": "passed",
              "speed": "fast",
              "pass": true,
              "fail": false,
              "pending": false,
              "context": null,
              "code": "cy.visit(\"https://webdriveruniversity.com\");\ncy.get(\"#popup-alerts\").invoke('removeAttr', 'target').click({\n  force: true\n});\nconst stub = cy.stub();\ncy.on('window:confirm', stub);\ncy.get(\"#button4\").click().then(() => {\n  expect(stub.getCall(0)).to.calledWith('Press a button!'); // another type of assertion\n}).then(() => {\n  return true; // this will click on the OK button\n}).then(() => {\n  cy.get(\"#confirm-alert-text\").contains(\"You pressed OK!\"); // validates the message output after clicking the button\n});",
              "err": {},
              "uuid": "2ea81be5-5fbf-4eb6-bc8c-bd5734697499",
              "parentUUID": "93399fdf-2e1e-456d-a3ef-9a26d3e51309",
              "isHook": false,
              "skipped": false
            }
          ],
          "suites": [],
          "passes": [
            "f56e1bf5-9122-4ad4-aa96-1da09e29d0b3",
            "fb71d963-6190-4b86-a38f-8bb9ee2e284c",
            "4b2c7b0c-6282-49ca-a3bd-8ecef03478ee",
            "2ea81be5-5fbf-4eb6-bc8c-bd5734697499"
          ],
          "failures": [],
          "pending": [],
          "skipped": [],
          "duration": 4043,
          "root": false,
          "rootEmpty": false,
          "_timeout": 2000
        }
      ],
      "passes": [],
      "failures": [],
      "pending": [],
      "skipped": [],
      "duration": 0,
      "root": true,
      "rootEmpty": true,
      "_timeout": 2000
    },
    {
      "uuid": "bac67a6c-9646-4d16-b6fd-4d0aca360253",
      "title": "",
      "fullFile": "cypress\\e2e\\webdriver-uni\\mouse-actions.js",
      "file": "cypress\\e2e\\webdriver-uni\\mouse-actions.js",
      "beforeHooks": [],
      "afterHooks": [],
      "tests": [],
      "suites": [
        {
          "uuid": "4859a951-dc56-462e-a98f-353bf1e74d5b",
          "title": "Test mouse actions",
          "fullFile": "",
          "file": "",
          "beforeHooks": [],
          "afterHooks": [],
          "tests": [
            {
              "title": "Should be able to hold down the left mouse click on a given element",
              "fullTitle": "Test mouse actions Should be able to hold down the left mouse click on a given element",
              "timedOut": null,
              "duration": 1227,
              "state": "passed",
              "speed": "fast",
              "pass": true,
              "fail": false,
              "pending": false,
              "context": null,
              "code": "cy.visit(\"https://webdriveruniversity.com\");\ncy.get(\"#actions\").scrollIntoView().invoke('removeAttr', 'target').click({\n  force: true\n});\ncy.get('#click-box').trigger('mousedown', {\n  which: 1\n}).then($element => {\n  expect($element).to.have.css('background-color', 'rgb(0, 255, 0)');\n});",
              "err": {},
              "uuid": "cb5baf6f-acc8-46c3-9229-80bf9bae34b2",
              "parentUUID": "4859a951-dc56-462e-a98f-353bf1e74d5b",
              "isHook": false,
              "skipped": false
            }
          ],
          "suites": [],
          "passes": [
            "cb5baf6f-acc8-46c3-9229-80bf9bae34b2"
          ],
          "failures": [],
          "pending": [],
          "skipped": [],
          "duration": 1227,
          "root": false,
          "rootEmpty": false,
          "_timeout": 2000
        }
      ],
      "passes": [],
      "failures": [],
      "pending": [],
      "skipped": [],
      "duration": 0,
      "root": true,
      "rootEmpty": true,
      "_timeout": 2000
    },
    {
      "uuid": "e34d0bd5-4fcb-44ca-9ac5-338170b45f05",
      "title": "",
      "fullFile": "cypress\\e2e\\webdriver-uni\\radio-buttons.js",
      "file": "cypress\\e2e\\webdriver-uni\\radio-buttons.js",
      "beforeHooks": [],
      "afterHooks": [],
      "tests": [],
      "suites": [
        {
          "uuid": "fed6df3b-e051-4ea7-8e51-e70d40ac05fe",
          "title": "Verify radio buttons via webdriveruni",
          "fullFile": "",
          "file": "",
          "beforeHooks": [],
          "afterHooks": [],
          "tests": [
            {
              "title": "Check and validate radio button",
              "fullTitle": "Verify radio buttons via webdriveruni Check and validate radio button",
              "timedOut": null,
              "duration": 1071,
              "state": "passed",
              "speed": "fast",
              "pass": true,
              "fail": false,
              "pending": false,
              "context": null,
              "code": "cy.get(\"#radio-buttons\").find(\"[type='radio']\").first().check();\ncy.get(\"#radio-buttons\").find(\"[type='radio']\").eq(1).check();",
              "err": {},
              "uuid": "8d8be9ed-e5bf-4c7a-b451-1987c4bcad05",
              "parentUUID": "fed6df3b-e051-4ea7-8e51-e70d40ac05fe",
              "isHook": false,
              "skipped": false
            },
            {
              "title": "Validate the status of specific radio button",
              "fullTitle": "Verify radio buttons via webdriveruni Validate the status of specific radio button",
              "timedOut": null,
              "duration": 10217,
              "state": "failed",
              "speed": null,
              "pass": false,
              "fail": true,
              "pending": false,
              "context": null,
              "code": "cy.get(\"[value='lettuce']\").should('not.be.checked');\ncy.get(\"[value='pumpkin']\").should('be.checked');\ncy.get(\"[value='lettuce']\").check();\ncy.get(\"[value='lettuce']\").should('be.checked');\ncy.get(\"[value='pumpkin']\").should('not.be.checked');\ncy.get(\"[value='cabbage']\").should('be.disabled');",
              "err": {
                "message": "AssertionError: Timed out retrying after 10000ms: Expected to find element: `[value='lettuce']`, but never found it.",
                "estack": "AssertionError: Timed out retrying after 10000ms: Expected to find element: `[value='lettuce']`, but never found it.\n    at Context.eval (webpack:///./cypress/e2e/webdriver-uni/radio-buttons.js:15:36)",
                "diff": null
              },
              "uuid": "4e89d5f0-9ca3-4a72-8278-4755392356e9",
              "parentUUID": "fed6df3b-e051-4ea7-8e51-e70d40ac05fe",
              "isHook": false,
              "skipped": false
            }
          ],
          "suites": [],
          "passes": [
            "8d8be9ed-e5bf-4c7a-b451-1987c4bcad05"
          ],
          "failures": [
            "4e89d5f0-9ca3-4a72-8278-4755392356e9"
          ],
          "pending": [],
          "skipped": [],
          "duration": 11288,
          "root": false,
          "rootEmpty": false,
          "_timeout": 2000
        }
      ],
      "passes": [],
      "failures": [],
      "pending": [],
      "skipped": [],
      "duration": 0,
      "root": true,
      "rootEmpty": true,
      "_timeout": 2000
    },
    {
      "uuid": "548c53ba-c85b-419b-af95-9013f3c55b5a",
      "title": "",
      "fullFile": "cypress\\e2e\\webdriver-uni\\select-drop-down-list.js",
      "file": "cypress\\e2e\\webdriver-uni\\select-drop-down-list.js",
      "beforeHooks": [],
      "afterHooks": [],
      "tests": [],
      "suites": [
        {
          "uuid": "a199f43f-2554-4072-b49e-135132fa3539",
          "title": "Interact with drop-down lists via webdriveruni",
          "fullFile": "",
          "file": "",
          "beforeHooks": [],
          "afterHooks": [],
          "tests": [
            {
              "title": "Select specific values via select drop-down lists",
              "fullTitle": "Interact with drop-down lists via webdriveruni Select specific values via select drop-down lists",
              "timedOut": null,
              "duration": 2365,
              "state": "passed",
              "speed": "fast",
              "pass": true,
              "fail": false,
              "pending": false,
              "context": null,
              "code": "cy.visit(\"https://webdriveruniversity.com\");\ncy.get(\"#dropdown-checkboxes-radiobuttons\").invoke('removeAttr', 'target').click({\n  force: true\n});\ncy.get('#dropdowm-menu-1').select('c#').should('have.value', 'c#');\ncy.get('#dropdowm-menu-2').select('testng').should('have.value', 'testng');\ncy.get('#dropdowm-menu-3').select('JQuery').contains('JQuery'); // we can select a value from a drop-down list selecting the text of the option\ncy.get('#dropdowm-menu-2').select('maven').should('have.value', 'maven');\ncy.get('#dropdowm-menu-2').select('TestNG').contains('TestNG');",
              "err": {},
              "uuid": "2de875c2-1859-43ac-8fd4-c93f24c604d5",
              "parentUUID": "a199f43f-2554-4072-b49e-135132fa3539",
              "isHook": false,
              "skipped": false
            }
          ],
          "suites": [],
          "passes": [
            "2de875c2-1859-43ac-8fd4-c93f24c604d5"
          ],
          "failures": [],
          "pending": [],
          "skipped": [],
          "duration": 2365,
          "root": false,
          "rootEmpty": false,
          "_timeout": 2000
        }
      ],
      "passes": [],
      "failures": [],
      "pending": [],
      "skipped": [],
      "duration": 0,
      "root": true,
      "rootEmpty": true,
      "_timeout": 2000
    },
    {
      "uuid": "1813f42e-5d1f-416d-a21e-d1b6e65d4f76",
      "title": "",
      "fullFile": "cypress\\e2e\\webdriver-uni\\selectors.js",
      "file": "cypress\\e2e\\webdriver-uni\\selectors.js",
      "beforeHooks": [],
      "afterHooks": [],
      "tests": [],
      "suites": [
        {
          "uuid": "16918a1b-e59d-48ed-8450-a5cfdf5c02e4",
          "title": "Selector examples",
          "fullFile": "",
          "file": "",
          "beforeHooks": [],
          "afterHooks": [],
          "tests": [
            {
              "title": "Selector examples via WebdriverUnit Contact Us page",
              "fullTitle": "Selector examples Selector examples via WebdriverUnit Contact Us page",
              "timedOut": null,
              "duration": 471,
              "state": "passed",
              "speed": "fast",
              "pass": true,
              "fail": false,
              "pending": false,
              "context": null,
              "code": "cy.visit(\"https://webdriveruniversity.com/Contact-Us/contactus.html\"); //By tag name\ncy.get(\"input\"); //By attribute name and values\ncy.get(\"input[name=first_name]\"); //By id\ncy.get(\"#contact_me\"); //By class\ncy.get(\".feedback-input\"); //By multiple classes\ncy.get(\"[class='navbar navbar-inverse navbar-fixed-top']\"); //By two different attributes\ncy.get(\"[name=email][placeholder='Email Address']\"); //By xpath\ncy.xpath(\"//input[@name='first_name']\");",
              "err": {},
              "uuid": "1c0fcee9-850d-4640-b27a-77a6b5d0a11e",
              "parentUUID": "16918a1b-e59d-48ed-8450-a5cfdf5c02e4",
              "isHook": false,
              "skipped": false
            }
          ],
          "suites": [],
          "passes": [
            "1c0fcee9-850d-4640-b27a-77a6b5d0a11e"
          ],
          "failures": [],
          "pending": [],
          "skipped": [],
          "duration": 471,
          "root": false,
          "rootEmpty": false,
          "_timeout": 2000
        }
      ],
      "passes": [],
      "failures": [],
      "pending": [],
      "skipped": [],
      "duration": 0,
      "root": true,
      "rootEmpty": true,
      "_timeout": 2000
    },
    {
      "uuid": "9cd5ed92-48c6-4f86-8ecd-b4a5c8d73549",
      "title": "",
      "fullFile": "cypress\\e2e\\webdriver-uni\\traversing-elements.js",
      "file": "cypress\\e2e\\webdriver-uni\\traversing-elements.js",
      "beforeHooks": [],
      "afterHooks": [],
      "tests": [],
      "suites": [
        {
          "uuid": "5a774841-69f8-4607-99f8-b2339acb9713",
          "title": "Traversing DOM elements in Cypress",
          "fullFile": "",
          "file": "",
          "beforeHooks": [],
          "afterHooks": [],
          "tests": [
            {
              "title": "children() to get the children of DOM elements",
              "fullTitle": "Traversing DOM elements in Cypress children() to get the children of DOM elements",
              "timedOut": null,
              "duration": 1428,
              "state": "passed",
              "speed": "fast",
              "pass": true,
              "fail": false,
              "pending": false,
              "context": null,
              "code": "cy.get('.traversal-breadcrumb').children('.active').should('contain', 'Contact Us');",
              "err": {},
              "uuid": "24d2d5b7-f6dd-4083-87e1-23bd1c50c83c",
              "parentUUID": "5a774841-69f8-4607-99f8-b2339acb9713",
              "isHook": false,
              "skipped": false
            },
            {
              "title": "closest() to validate the closest ancestor DOM element",
              "fullTitle": "Traversing DOM elements in Cypress closest() to validate the closest ancestor DOM element",
              "timedOut": null,
              "duration": 326,
              "state": "passed",
              "speed": "fast",
              "pass": true,
              "fail": false,
              "pending": false,
              "context": null,
              "code": "cy.get('.traversal-badge').closest('ul').should('have.class', 'list-group');",
              "err": {},
              "uuid": "9dae7769-2d1e-40cd-8956-ec6c1db5a414",
              "parentUUID": "5a774841-69f8-4607-99f8-b2339acb9713",
              "isHook": false,
              "skipped": false
            },
            {
              "title": "eq() to retrieve a specific element based on index",
              "fullTitle": "Traversing DOM elements in Cypress eq() to retrieve a specific element based on index",
              "timedOut": null,
              "duration": 347,
              "state": "passed",
              "speed": "fast",
              "pass": true,
              "fail": false,
              "pending": false,
              "context": null,
              "code": "cy.get('.traversal-drinks-list > * ').eq(2).should('contain', 'Milk');",
              "err": {},
              "uuid": "28c75c85-cff6-449f-bd16-5e3362f7187e",
              "parentUUID": "5a774841-69f8-4607-99f8-b2339acb9713",
              "isHook": false,
              "skipped": false
            },
            {
              "title": "filter() to retrieve DOM elements that match a specific selector",
              "fullTitle": "Traversing DOM elements in Cypress filter() to retrieve DOM elements that match a specific selector",
              "timedOut": null,
              "duration": 350,
              "state": "passed",
              "speed": "fast",
              "pass": true,
              "fail": false,
              "pending": false,
              "context": null,
              "code": "cy.get('.btn-group-toggle > *').filter('.active').should('contain', 'Button-1');",
              "err": {},
              "uuid": "06e4b319-f87a-4545-b206-4bbed2cb74d0",
              "parentUUID": "5a774841-69f8-4607-99f8-b2339acb9713",
              "isHook": false,
              "skipped": false
            },
            {
              "title": "find() to retrieve DOM elements of a given selector",
              "fullTitle": "Traversing DOM elements in Cypress find() to retrieve DOM elements of a given selector",
              "timedOut": null,
              "duration": 432,
              "state": "passed",
              "speed": "fast",
              "pass": true,
              "fail": false,
              "pending": false,
              "context": null,
              "code": "cy.get('.traversal-pagination').find('li').find('a').should('have.length', 7);",
              "err": {},
              "uuid": "de9732f9-35d1-4bb5-b1a2-0e335098092f",
              "parentUUID": "5a774841-69f8-4607-99f8-b2339acb9713",
              "isHook": false,
              "skipped": false
            },
            {
              "title": "first() to retrieve the first DOM element within elements ",
              "fullTitle": "Traversing DOM elements in Cypress first() to retrieve the first DOM element within elements ",
              "timedOut": null,
              "duration": 345,
              "state": "passed",
              "speed": "fast",
              "pass": true,
              "fail": false,
              "pending": false,
              "context": null,
              "code": "cy.get('.traversal-table >tbody > tr > td').first().should('contain', 'Andy');",
              "err": {},
              "uuid": "161f95dc-6c29-4102-949a-6716e565889f",
              "parentUUID": "5a774841-69f8-4607-99f8-b2339acb9713",
              "isHook": false,
              "skipped": false
            },
            {
              "title": "last() to retrieve the last DOM element within elements",
              "fullTitle": "Traversing DOM elements in Cypress last() to retrieve the last DOM element within elements",
              "timedOut": null,
              "duration": 335,
              "state": "passed",
              "speed": "fast",
              "pass": true,
              "fail": false,
              "pending": false,
              "context": null,
              "code": "cy.get('.traversal-table >tbody > tr > td').last().should('contain', 'Scott');",
              "err": {},
              "uuid": "dda666be-eeca-4440-8322-de2c4b47e07a",
              "parentUUID": "5a774841-69f8-4607-99f8-b2339acb9713",
              "isHook": false,
              "skipped": false
            },
            {
              "title": "nextAll() to get all of the next sibling DOM elements within elements",
              "fullTitle": "Traversing DOM elements in Cypress nextAll() to get all of the next sibling DOM elements within elements",
              "timedOut": null,
              "duration": 342,
              "state": "passed",
              "speed": "fast",
              "pass": true,
              "fail": false,
              "pending": false,
              "context": null,
              "code": "cy.get('.traversal-drinks-list').contains('Tea').nextAll().should('have.length', 3);",
              "err": {},
              "uuid": "9be4cdd9-1140-48cb-956d-8fa7afdc8d5a",
              "parentUUID": "5a774841-69f8-4607-99f8-b2339acb9713",
              "isHook": false,
              "skipped": false
            },
            {
              "title": "nextUntil() to get all of the next sibling DOM elements within elements until another element",
              "fullTitle": "Traversing DOM elements in Cypress nextUntil() to get all of the next sibling DOM elements within elements until another element",
              "timedOut": null,
              "duration": 327,
              "state": "passed",
              "speed": "fast",
              "pass": true,
              "fail": false,
              "pending": false,
              "context": null,
              "code": "cy.get('#coffee').nextUntil('#milk');",
              "err": {},
              "uuid": "647542d9-9ba7-4550-9ea7-fd5029a07f04",
              "parentUUID": "5a774841-69f8-4607-99f8-b2339acb9713",
              "isHook": false,
              "skipped": false
            },
            {
              "title": "not() to remove DOM element(s) from the set of elements",
              "fullTitle": "Traversing DOM elements in Cypress not() to remove DOM element(s) from the set of elements",
              "timedOut": null,
              "duration": 335,
              "state": "passed",
              "speed": "fast",
              "pass": true,
              "fail": false,
              "pending": false,
              "context": null,
              "code": "cy.get('.traversal-button-states > button').not('.disabled').should('not.have.class', 'disabled');",
              "err": {},
              "uuid": "a81a95ff-342f-4d46-acb0-cc78c2267fe9",
              "parentUUID": "5a774841-69f8-4607-99f8-b2339acb9713",
              "isHook": false,
              "skipped": false
            },
            {
              "title": "parent() To get parent DOM element of elements",
              "fullTitle": "Traversing DOM elements in Cypress parent() To get parent DOM element of elements",
              "timedOut": null,
              "duration": 329,
              "state": "passed",
              "speed": "fast",
              "pass": true,
              "fail": false,
              "pending": false,
              "context": null,
              "code": "cy.get('.traversal-mark').parent().should('contain', 'Lorem ipsum dolor sit amet');",
              "err": {},
              "uuid": "d81777e0-8770-4698-be03-633bf27a93e6",
              "parentUUID": "5a774841-69f8-4607-99f8-b2339acb9713",
              "isHook": false,
              "skipped": false
            },
            {
              "title": "parents() to get parents DOM element of elements",
              "fullTitle": "Traversing DOM elements in Cypress parents() to get parents DOM element of elements",
              "timedOut": null,
              "duration": 333,
              "state": "passed",
              "speed": "fast",
              "pass": true,
              "fail": false,
              "pending": false,
              "context": null,
              "code": "cy.get('.traversal-cite').parents().should('match', 'blockquote');",
              "err": {},
              "uuid": "bb9f81e3-58fc-4494-ac25-a6eebd608f76",
              "parentUUID": "5a774841-69f8-4607-99f8-b2339acb9713",
              "isHook": false,
              "skipped": false
            },
            {
              "title": "prev() to get the previous sibling DOM element within elements",
              "fullTitle": "Traversing DOM elements in Cypress prev() to get the previous sibling DOM element within elements",
              "timedOut": null,
              "duration": 324,
              "state": "passed",
              "speed": "fast",
              "pass": true,
              "fail": false,
              "pending": false,
              "context": null,
              "code": "cy.get('#sugar').prev().contains('Espresso');",
              "err": {},
              "uuid": "a9bcffdf-2d0a-4fb4-a2a0-c272d5d5a710",
              "parentUUID": "5a774841-69f8-4607-99f8-b2339acb9713",
              "isHook": false,
              "skipped": false
            },
            {
              "title": "prevAll() to get all previous sibling DOM elements within elements",
              "fullTitle": "Traversing DOM elements in Cypress prevAll() to get all previous sibling DOM elements within elements",
              "timedOut": null,
              "duration": 375,
              "state": "passed",
              "speed": "fast",
              "pass": true,
              "fail": false,
              "pending": false,
              "context": null,
              "code": "cy.get('.sales').prevAll().should('have.length', 2);",
              "err": {},
              "uuid": "48d74c5c-aef9-4b55-aca2-25dddea5dc5b",
              "parentUUID": "5a774841-69f8-4607-99f8-b2339acb9713",
              "isHook": false,
              "skipped": false
            },
            {
              "title": "prevUntil() to get all previous sibling DOM elements within elements until other element",
              "fullTitle": "Traversing DOM elements in Cypress prevUntil() to get all previous sibling DOM elements within elements until other element",
              "timedOut": null,
              "duration": 363,
              "state": "passed",
              "speed": "fast",
              "pass": true,
              "fail": false,
              "pending": false,
              "context": null,
              "code": "cy.get('#veggie').prevUntil('#fruits').should('have.length', 5);",
              "err": {},
              "uuid": "b20e9040-fa7d-4fa3-ac76-418b0f7ccc1b",
              "parentUUID": "5a774841-69f8-4607-99f8-b2339acb9713",
              "isHook": false,
              "skipped": false
            },
            {
              "title": "siblings() To get all sibling DOM elements of elements",
              "fullTitle": "Traversing DOM elements in Cypress siblings() To get all sibling DOM elements of elements",
              "timedOut": null,
              "duration": 354,
              "state": "passed",
              "speed": "fast",
              "pass": true,
              "fail": false,
              "pending": false,
              "context": null,
              "code": "cy.get('.traversal-button-other-states .active').siblings().should('have.length', 3);",
              "err": {},
              "uuid": "d080caf1-5320-45bf-bc14-353ffc352393",
              "parentUUID": "5a774841-69f8-4607-99f8-b2339acb9713",
              "isHook": false,
              "skipped": false
            }
          ],
          "suites": [],
          "passes": [
            "24d2d5b7-f6dd-4083-87e1-23bd1c50c83c",
            "9dae7769-2d1e-40cd-8956-ec6c1db5a414",
            "28c75c85-cff6-449f-bd16-5e3362f7187e",
            "06e4b319-f87a-4545-b206-4bbed2cb74d0",
            "de9732f9-35d1-4bb5-b1a2-0e335098092f",
            "161f95dc-6c29-4102-949a-6716e565889f",
            "dda666be-eeca-4440-8322-de2c4b47e07a",
            "9be4cdd9-1140-48cb-956d-8fa7afdc8d5a",
            "647542d9-9ba7-4550-9ea7-fd5029a07f04",
            "a81a95ff-342f-4d46-acb0-cc78c2267fe9",
            "d81777e0-8770-4698-be03-633bf27a93e6",
            "bb9f81e3-58fc-4494-ac25-a6eebd608f76",
            "a9bcffdf-2d0a-4fb4-a2a0-c272d5d5a710",
            "48d74c5c-aef9-4b55-aca2-25dddea5dc5b",
            "b20e9040-fa7d-4fa3-ac76-418b0f7ccc1b",
            "d080caf1-5320-45bf-bc14-353ffc352393"
          ],
          "failures": [],
          "pending": [],
          "skipped": [],
          "duration": 6645,
          "root": false,
          "rootEmpty": false,
          "_timeout": 2000
        }
      ],
      "passes": [],
      "failures": [],
      "pending": [],
      "skipped": [],
      "duration": 0,
      "root": true,
      "rootEmpty": true,
      "_timeout": 2000
    },
    {
      "uuid": "ee1a6a70-9ab6-400f-8326-a07bfbdf216e",
      "title": "",
      "fullFile": "cypress\\e2e\\automation-testing-store\\add-multiple-items-to-basket.js",
      "file": "cypress\\e2e\\automation-testing-store\\add-multiple-items-to-basket.js",
      "beforeHooks": [],
      "afterHooks": [],
      "tests": [],
      "suites": [
        {
          "uuid": "d4304bad-0eae-4c40-8d94-8914da6acc12",
          "title": "Add multiple items to basket",
          "fullFile": "",
          "file": "",
          "beforeHooks": [],
          "afterHooks": [],
          "tests": [
            {
              "title": "Add specific items to basket",
              "fullTitle": "Add multiple items to basket Add specific items to basket",
              "timedOut": null,
              "duration": 6026,
              "state": "passed",
              "speed": "medium",
              "pass": true,
              "fail": false,
              "pending": false,
              "context": null,
              "code": "autoStore_HairCare_PO.addHairCareProductToBasket();",
              "err": {},
              "uuid": "727b6690-ab48-4dce-af12-c22aef593c53",
              "parentUUID": "d4304bad-0eae-4c40-8d94-8914da6acc12",
              "isHook": false,
              "skipped": false
            }
          ],
          "suites": [],
          "passes": [
            "727b6690-ab48-4dce-af12-c22aef593c53"
          ],
          "failures": [],
          "pending": [],
          "skipped": [],
          "duration": 6026,
          "root": false,
          "rootEmpty": false,
          "_timeout": 2000
        }
      ],
      "passes": [],
      "failures": [],
      "pending": [],
      "skipped": [],
      "duration": 0,
      "root": true,
      "rootEmpty": true,
      "_timeout": 2000
    }
  ],
  "meta": {
    "mocha": {
      "version": "7.0.1"
    },
    "mochawesome": {
      "options": {
        "quiet": false,
        "reportFilename": "mochawesome",
        "saveHtml": false,
        "saveJson": true,
        "consoleReporter": "spec",
        "useInlineDiffs": false,
        "code": true
      },
      "version": "7.1.3"
    },
    "marge": {
      "options": {
        "id": "default",
        "reportDir": "cypress/results/mochawesome",
        "quite": true,
        "overwrite": false,
        "html": false,
        "json": true
      },
      "version": "6.2.0"
    }
  }
}